May 01, 2020 10:14:38 PM gui.customer logger
INFO: Hello
May 01, 2020 10:24:40 PM gui.customer logger
INFO: Hello
May 01, 2020 10:56:15 PM gui.product logger
INFO: Hello
May 01, 2020 11:01:55 PM gui.salary logger
INFO: Hello
May 01, 2020 11:37:11 PM gui.login logger
INFO: Hello
May 02, 2020 12:15:53 AM gui.customer logger
INFO: Hello
May 02, 2020 12:25:40 AM gui.customer logger
INFO: Hello
May 02, 2020 12:49:25 AM gui.customer logger
INFO: Hello
May 02, 2020 12:50:44 AM gui.customer logger
INFO: Hello
May 02, 2020 12:51:09 AM gui.customer logger
INFO: Hello
May 02, 2020 12:52:42 AM gui.customer logger
INFO: Hello
May 02, 2020 12:55:16 AM gui.customer logger
INFO: Hello
May 02, 2020 5:36:05 AM gui.customer logger
INFO: Hello
May 02, 2020 5:38:48 AM gui.customer logger
INFO: Hello
May 02, 2020 5:39:15 AM gui.customer logger
INFO: Hello
May 02, 2020 5:49:41 AM gui.customer logger
INFO: Hello
May 02, 2020 5:55:42 AM gui.customer logger
INFO: Hello
May 02, 2020 5:59:45 AM gui.customer logger
INFO: Hello
May 02, 2020 6:01:40 AM gui.customer logger
INFO: Hello
May 02, 2020 6:06:50 AM gui.employee logger
INFO: Hello
May 02, 2020 6:09:04 AM gui.employee logger
INFO: Hello
May 02, 2020 6:15:55 AM gui.invoice logger
INFO: Hello
May 02, 2020 6:17:17 AM gui.maintains logger
INFO: Hello
May 02, 2020 6:21:56 AM gui.product logger
INFO: Hello
May 02, 2020 6:27:10 AM gui.stock logger
INFO: Hello
May 02, 2020 10:55:14 PM gui.customer logger
INFO: Hello
May 04, 2020 10:53:01 PM gui.login logger
INFO: Hello
May 04, 2020 10:57:29 PM gui.home logger
INFO: Hello
May 04, 2020 11:02:56 PM gui.customer logger
INFO: Hello
May 04, 2020 11:14:05 PM gui.stock logger
INFO: Hello
May 04, 2020 11:26:39 PM gui.customer logger
INFO: Hello
May 04, 2020 11:32:06 PM gui.customer logger
INFO: Hello
May 04, 2020 11:48:24 PM gui.login logger
INFO: Hello
May 05, 2020 12:10:46 AM gui.customer logger
INFO: Hello
May 05, 2020 12:23:40 AM gui.supplier logger
INFO: Hello
May 05, 2020 5:58:54 AM gui.customer logger
INFO: Hello
May 05, 2020 6:00:44 AM gui.customer logger
INFO: Hello
May 05, 2020 6:02:58 AM gui.employee logger
INFO: Hello
May 05, 2020 6:05:58 AM gui.grn logger
INFO: Hello
May 05, 2020 6:18:47 AM gui.grn logger
INFO: Hello
May 05, 2020 6:19:22 AM gui.home logger
INFO: Hello
May 05, 2020 6:23:10 AM gui.grn logger
INFO: Hello
May 05, 2020 6:31:22 AM gui.product logger
INFO: Hello
May 05, 2020 6:35:23 AM gui.salary logger
INFO: Hello
May 05, 2020 6:38:24 AM gui.salary logger
INFO: Hello
May 06, 2020 3:25:12 AM gui.home logger
INFO: Hello
May 06, 2020 4:28:04 AM gui.customer logger
INFO: Hello
May 06, 2020 4:46:58 AM gui.supplier logger
INFO: Hello
May 06, 2020 4:47:34 AM gui.supplier logger
INFO: Hello
May 06, 2020 6:46:14 AM gui.supplier logger
INFO: Hello
May 06, 2020 7:10:34 AM gui.employee logger
INFO: Hello
May 06, 2020 10:13:01 PM gui.product logger
INFO: Hello
May 06, 2020 10:15:49 PM gui.product logger
INFO: Hello
May 06, 2020 10:16:50 PM gui.proupdate logger
INFO: Hello
May 06, 2020 10:17:32 PM gui.prodelete logger
INFO: Hello
May 06, 2020 10:22:55 PM gui.product logger
INFO: Hello
May 06, 2020 10:43:33 PM gui.stock logger
INFO: Hello
May 07, 2020 12:14:11 AM gui.invoice logger
INFO: Hello
May 07, 2020 3:13:43 AM gui.grn logger
INFO: Hello
May 07, 2020 3:13:48 AM gui.supplier logger
INFO: Hello
May 07, 2020 3:31:04 AM gui.salary logger
INFO: Hello
May 07, 2020 3:52:41 AM gui.maintains logger
INFO: Hello
May 07, 2020 11:44:20 PM gui.customer logger
INFO: Hello
May 07, 2020 11:45:49 PM gui.customer logger
INFO: Hello
May 07, 2020 11:48:50 PM gui.customer logger
INFO: Hello
May 07, 2020 11:54:52 PM gui.customer logger
INFO: Hello
May 07, 2020 11:57:28 PM gui.customer logger
INFO: Hello
May 07, 2020 11:59:31 PM gui.customer logger
INFO: Hello
May 08, 2020 12:04:26 AM gui.customer logger
INFO: Hello
May 08, 2020 12:05:04 AM gui.customer logger
INFO: Hello
May 08, 2020 12:07:20 AM gui.employee logger
INFO: Hello
May 08, 2020 12:09:50 AM gui.grn logger
INFO: Hello
May 08, 2020 12:16:07 AM gui.grn logger
INFO: Hello
May 08, 2020 12:19:40 AM gui.grn logger
INFO: Hello
May 08, 2020 12:24:08 AM gui.grn logger
INFO: Hello
May 08, 2020 12:24:48 AM gui.grn logger
INFO: Hello
May 08, 2020 12:27:13 AM gui.employee logger
INFO: Hello
May 08, 2020 1:26:09 AM gui.stock logger
INFO: Hello
May 08, 2020 1:26:44 AM gui.product logger
INFO: Hello
May 08, 2020 1:27:13 AM gui.customer logger
INFO: Hello
May 08, 2020 1:46:40 AM gui.customer logger
INFO: Hello
May 08, 2020 1:47:31 AM gui.customer logger
INFO: Hello
May 08, 2020 1:48:32 AM gui.customer logger
INFO: Hello
May 08, 2020 1:54:27 AM gui.customer logger
INFO: Hello
May 08, 2020 1:55:37 AM gui.grn logger
INFO: Hello
May 08, 2020 1:58:45 AM gui.customer logger
INFO: Hello
May 08, 2020 1:59:32 AM gui.customer logger
INFO: Hello
May 08, 2020 2:02:32 AM gui.customer logger
INFO: Hello
May 08, 2020 2:07:30 AM gui.customer logger
INFO: Hello
May 08, 2020 2:17:50 AM gui.grn logger
INFO: Hello
May 08, 2020 2:19:46 AM gui.invoice logger
INFO: Hello
May 08, 2020 2:22:19 AM gui.maintains logger
INFO: Hello
May 08, 2020 2:23:07 AM gui.maintains logger
INFO: Hello
May 08, 2020 2:24:31 AM gui.product logger
INFO: Hello
May 08, 2020 2:25:33 AM gui.proupdate logger
INFO: Hello
May 08, 2020 2:25:37 AM gui.prodelete logger
INFO: Hello
May 08, 2020 2:26:05 AM gui.salary logger
INFO: Hello
May 08, 2020 2:27:53 AM gui.salary logger
INFO: Hello
May 08, 2020 2:28:40 AM gui.salary logger
INFO: Hello
May 08, 2020 2:29:37 AM gui.salary logger
INFO: Hello
May 08, 2020 2:31:05 AM gui.stock logger
INFO: Hello
May 08, 2020 2:32:52 AM gui.stock logger
INFO: Hello
May 08, 2020 2:35:37 AM gui.stock logger
INFO: Hello
May 08, 2020 2:40:19 AM gui.supplier logger
INFO: Hello
May 09, 2020 6:24:58 AM gui.customer logger
INFO: Hello
May 09, 2020 10:54:45 PM gui.login logger
INFO: Hello
May 10, 2020 10:24:27 PM gui.invoice logger
INFO: Hello
May 21, 2020 11:40:08 PM gui.login logger
INFO: Hello
May 22, 2020 12:10:32 AM gui.login logger
INFO: Hello
May 23, 2020 8:05:54 AM gui.home logger
INFO: Hello
May 24, 2020 12:30:43 AM gui.login logger
INFO: Hello
May 24, 2020 11:10:26 PM gui.home logger
INFO: Hello
May 27, 2020 1:25:36 AM gui.customer logger
INFO: Hello
May 27, 2020 1:58:33 AM gui.grn logger
INFO: Hello
May 27, 2020 1:59:05 AM gui.supplier logger
INFO: Hello
May 27, 2020 2:40:16 AM gui.invoice logger
INFO: Hello
May 27, 2020 2:47:23 AM gui.salary logger
INFO: Hello
May 27, 2020 8:55:09 AM gui.login logger
INFO: Hello
May 27, 2020 11:04:21 PM gui.customer logger
INFO: Hello
May 28, 2020 7:36:36 AM gui.invoice logger
INFO: Hello
May 28, 2020 7:44:21 AM gui.invoice logger
INFO: Hello
May 28, 2020 7:45:54 AM gui.invoice logger
INFO: Hello
May 28, 2020 8:00:45 AM gui.invoice logger
INFO: Hello
May 28, 2020 8:15:11 AM gui.grn logger
INFO: Hello
Jun 01, 2020 7:35:15 AM gui.login logger
INFO: Hello
Jun 03, 2020 12:01:12 AM gui.login logger
INFO: Hello
Jul 18, 2021 3:25:21 AM gui.home logger
INFO: Hello
Jul 18, 2021 3:25:54 AM gui.home logger
INFO: Hello
Jul 18, 2021 1:32:36 PM gui.home logger
INFO: Hello
Jul 18, 2021 1:35:16 PM gui.home logger
INFO: Hello
Jul 18, 2021 1:41:34 PM gui.home logger
INFO: Hello
Jul 22, 2021 10:32:12 PM gui.customer logger
INFO: Hello
Jul 22, 2021 10:32:12 PM gui.customer logger
INFO: Hello
Jul 22, 2021 10:32:12 PM gui.customer logger
INFO: Hello
Jul 22, 2021 10:34:05 PM gui.employee logger
INFO: Hello
Jul 22, 2021 10:34:08 PM gui.empdelete logger
INFO: Hello
Jul 22, 2021 10:36:49 PM gui.employee logger
INFO: Hello
Jul 22, 2021 11:31:14 PM gui.grn logger
INFO: Hello
Jul 22, 2021 11:31:27 PM gui.grn logger
INFO: Hello
Jul 22, 2021 11:32:51 PM gui.grn logger
INFO: Hello
Jul 22, 2021 11:34:32 PM gui.grn logger
INFO: Hello
Jul 22, 2021 11:37:56 PM gui.grn logger
INFO: Hello
Jul 22, 2021 11:38:27 PM gui.invoice logger
INFO: Hello
Jul 22, 2021 11:43:33 PM gui.invoice logger
INFO: Hello
Jul 22, 2021 11:44:39 PM gui.invoice logger
INFO: Hello
Jul 22, 2021 11:44:57 PM gui.invoice logger
INFO: Hello
Jul 22, 2021 11:47:13 PM gui.invoice logger
INFO: Hello
Jul 22, 2021 11:48:06 PM gui.invoice logger
INFO: Hello
Jul 22, 2021 11:48:58 PM gui.invoice logger
INFO: Hello
Jul 22, 2021 11:49:21 PM gui.invoice logger
INFO: Hello
Jul 22, 2021 11:49:57 PM gui.invoice logger
INFO: Hello
Jul 22, 2021 11:50:19 PM gui.invoice logger
INFO: Hello
Jul 22, 2021 11:51:25 PM gui.invoice logger
INFO: Hello
Jul 22, 2021 11:52:23 PM gui.maintains logger
INFO: Hello
Jul 22, 2021 11:55:09 PM gui.product logger
INFO: Hello
Jul 22, 2021 11:58:45 PM gui.product logger
INFO: Hello
Jul 23, 2021 1:40:07 AM gui.salary logger
INFO: Hello
Jul 23, 2021 1:42:16 AM gui.salary logger
INFO: Hello
Jul 23, 2021 1:42:30 AM gui.stock logger
INFO: Hello
Jul 23, 2021 1:44:50 AM gui.stock logger
INFO: Hello
Jul 23, 2021 1:46:11 AM gui.stock logger
INFO: Hello
Jul 23, 2021 1:48:35 AM gui.stock logger
INFO: Hello
Jul 23, 2021 2:01:35 AM gui.supplier logger
INFO: Hello
Jul 23, 2021 6:39:10 AM gui.home logger
INFO: Hello
Jul 24, 2021 7:05:46 PM gui.invoice logger
INFO: Hello
Jul 24, 2021 7:06:15 PM gui.invoice logger
INFO: Hello
